# JRE version: Java(TM) SE Runtime Environment 18.9 (11.0.10+8) (build 11.0.10+8-LTS-162)
# Java VM: Java HotSpot(TM) 64-Bit Server VM 18.9 (11.0.10+8-LTS-162, mixed mode, tiered, compressed oops, g1 gc, windows-amd64)
Heap:
 garbage-first heap   total 260096K, used 62396K [0x0000000703200000, 0x0000000800000000)
  region size 1024K, 54 young (55296K), 11 survivors (11264K)
 Metaspace       used 58659K, capacity 60122K, committed 60208K, reserved 1101824K
  class space    used 7407K, capacity 7988K, committed 8064K, reserved 1048576K
GC Heap History (10 events):
Event: 1.741 GC heap before
{Heap before GC invocations=1 (full 0):
 garbage-first heap   total 260096K, used 62980K [0x0000000703200000, 0x0000000800000000)
  region size 1024K, 59 young (60416K), 3 survivors (3072K)
 Metaspace       used 20729K, capacity 21210K, committed 21296K, reserved 1069056K
  class space    used 2200K, capacity 2400K, committed 2432K, reserved 1048576K
}
Event: 1.749 GC heap after
{Heap after GC invocations=2 (full 0):
 garbage-first heap   total 260096K, used 8845K [0x0000000703200000, 0x0000000800000000)
  region size 1024K, 6 young (6144K), 6 survivors (6144K)
 Metaspace       used 20729K, capacity 21210K, committed 21296K, reserved 1069056K
  class space    used 2200K, capacity 2400K, committed 2432K, reserved 1048576K
}
Event: 2.113 GC heap before
{Heap before GC invocations=3 (full 0):
 garbage-first heap   total 260096K, used 64141K [0x0000000703200000, 0x0000000800000000)
  region size 1024K, 61 young (62464K), 6 survivors (6144K)
 Metaspace       used 24512K, capacity 25127K, committed 25264K, reserved 1071104K
  class space    used 2722K, capacity 2962K, committed 3072K, reserved 1048576K
}
Event: 2.122 GC heap after
{Heap after GC invocations=4 (full 0):
 garbage-first heap   total 260096K, used 9977K [0x0000000703200000, 0x0000000800000000)
  region size 1024K, 4 young (4096K), 4 survivors (4096K)
 Metaspace       used 24512K, capacity 25127K, committed 25264K, reserved 1071104K
  class space    used 2722K, capacity 2962K, committed 3072K, reserved 1048576K
}
Event: 3.406 GC heap before
{Heap before GC invocations=4 (full 0):
 garbage-first heap   total 260096K, used 88825K [0x0000000703200000, 0x0000000800000000)
  region size 1024K, 82 young (83968K), 4 survivors (4096K)
 Metaspace       used 30327K, capacity 31107K, committed 31280K, reserved 1077248K
  class space    used 3419K, capacity 3708K, committed 3712K, reserved 1048576K
}
Event: 3.412 GC heap after
{Heap after GC invocations=5 (full 0):
 garbage-first heap   total 260096K, used 12223K [0x0000000703200000, 0x0000000800000000)
  region size 1024K, 6 young (6144K), 6 survivors (6144K)
 Metaspace       used 30327K, capacity 31107K, committed 31280K, reserved 1077248K
  class space    used 3419K, capacity 3708K, committed 3712K, reserved 1048576K
}
Event: 4.816 GC heap before
{Heap before GC invocations=5 (full 0):
 garbage-first heap   total 260096K, used 46015K [0x0000000703200000, 0x0000000800000000)
  region size 1024K, 40 young (40960K), 6 survivors (6144K)
 Metaspace       used 34802K, capacity 35750K, committed 35888K, reserved 1081344K
  class space    used 4023K, capacity 4395K, committed 4480K, reserved 1048576K
}
Event: 4.825 GC heap after
{Heap after GC invocations=6 (full 0):
 garbage-first heap   total 260096K, used 14698K [0x0000000703200000, 0x0000000800000000)
  region size 1024K, 8 young (8192K), 8 survivors (8192K)
 Metaspace       used 34802K, capacity 35750K, committed 35888K, reserved 1081344K
  class space    used 4023K, capacity 4395K, committed 4480K, reserved 1048576K
}
Event: 7.436 GC heap before
{Heap before GC invocations=7 (full 0):
 garbage-first heap   total 260096K, used 161130K [0x0000000703200000, 0x0000000800000000)
  region size 1024K, 152 young (155648K), 8 survivors (8192K)
 Metaspace       used 53026K, capacity 54255K, committed 54448K, reserved 1097728K
  class space    used 6635K, capacity 7121K, committed 7168K, reserved 1048576K
}
Event: 7.453 GC heap after
{Heap after GC invocations=8 (full 0):
 garbage-first heap   total 260096K, used 18874K [0x0000000703200000, 0x0000000800000000)
  region size 1024K, 12 young (12288K), 12 survivors (12288K)
 Metaspace       used 53026K, capacity 54255K, committed 54448K, reserved 1097728K
  class space    used 6635K, capacity 7121K, committed 7168K, reserved 1048576K
}

